Determining if the pthread_create exist failed with the following output:
Change Dir: /minesweeper/build/CMakeFiles/CMakeTmp

Run Build Command:"/usr/bin/make" "cmTC_297a9/fast"
/usr/bin/make -f CMakeFiles/cmTC_297a9.dir/build.make CMakeFiles/cmTC_297a9.dir/build
make[1]: вход в каталог «/minesweeper/build/CMakeFiles/CMakeTmp»
Building C object CMakeFiles/cmTC_297a9.dir/CheckSymbolExists.c.o
/usr/bin/cc    -o CMakeFiles/cmTC_297a9.dir/CheckSymbolExists.c.o   -c /minesweeper/build/CMakeFiles/CMakeTmp/CheckSymbolExists.c
Linking C executable cmTC_297a9
/usr/bin/cmake -E cmake_link_script CMakeFiles/cmTC_297a9.dir/link.txt --verbose=1
/usr/bin/cc      CMakeFiles/cmTC_297a9.dir/CheckSymbolExists.c.o  -o cmTC_297a9 
CMakeFiles/cmTC_297a9.dir/CheckSymbolExists.c.o: In function `main':
CheckSymbolExists.c:(.text+0x1b): undefined reference to `pthread_create'
collect2: error: ld returned 1 exit status
CMakeFiles/cmTC_297a9.dir/build.make:97: recipe for target 'cmTC_297a9' failed
make[1]: *** [cmTC_297a9] Error 1
make[1]: выход из каталога «/minesweeper/build/CMakeFiles/CMakeTmp»
Makefile:126: recipe for target 'cmTC_297a9/fast' failed
make: *** [cmTC_297a9/fast] Error 2

File /minesweeper/build/CMakeFiles/CMakeTmp/CheckSymbolExists.c:
/* */
#include <pthread.h>

int main(int argc, char** argv)
{
  (void)argv;
#ifndef pthread_create
  return ((int*)(&pthread_create))[argc];
#else
  (void)argc;
  return 0;
#endif
}

Determining if the function pthread_create exists in the pthreads failed with the following output:
Change Dir: /minesweeper/build/CMakeFiles/CMakeTmp

Run Build Command:"/usr/bin/make" "cmTC_67a51/fast"
/usr/bin/make -f CMakeFiles/cmTC_67a51.dir/build.make CMakeFiles/cmTC_67a51.dir/build
make[1]: вход в каталог «/minesweeper/build/CMakeFiles/CMakeTmp»
Building C object CMakeFiles/cmTC_67a51.dir/CheckFunctionExists.c.o
/usr/bin/cc   -DCHECK_FUNCTION_EXISTS=pthread_create   -o CMakeFiles/cmTC_67a51.dir/CheckFunctionExists.c.o   -c /usr/share/cmake-3.10/Modules/CheckFunctionExists.c
Linking C executable cmTC_67a51
/usr/bin/cmake -E cmake_link_script CMakeFiles/cmTC_67a51.dir/link.txt --verbose=1
/usr/bin/cc  -DCHECK_FUNCTION_EXISTS=pthread_create    CMakeFiles/cmTC_67a51.dir/CheckFunctionExists.c.o  -o cmTC_67a51 -lpthreads 
/usr/bin/ld: cannot find -lpthreads
collect2: error: ld returned 1 exit status
CMakeFiles/cmTC_67a51.dir/build.make:97: recipe for target 'cmTC_67a51' failed
make[1]: *** [cmTC_67a51] Error 1
make[1]: выход из каталога «/minesweeper/build/CMakeFiles/CMakeTmp»
Makefile:126: recipe for target 'cmTC_67a51/fast' failed
make: *** [cmTC_67a51/fast] Error 2


